<?xml version="1.0" encoding="UTF-8"?>
<!-- Generated by org.testng.reporters.JUnitReportReporter -->
<testsuite skipped="0" hostname="USC-W-2406ST2" name="ExcelValidation.ExcelVerification" tests="2" failures="0" timestamp="09 Nov 2020 19:26:45 GMT" time="78.647" errors="0">
  <testcase name="TestLogic" time="43.420" classname="ExcelValidation.ExcelVerification"/>
  <testcase name="TestLogic" time="35.227" classname="ExcelValidation.ExcelVerification"/>
</testsuite> <!-- ExcelValidation.ExcelVerification -->
